<?xml version="1.0" encoding="UTF-8"?>
<!-- Generated by org.testng.reporters.JUnitReportReporter -->
<testsuite hostname="Shailendra-MacBook-Air.local" failures="0" tests="2" name="Basic.LearnDataProvider" time="0.819" errors="0" timestamp="2024-10-20T01:17:00 IST" skipped="0">
  <testcase classname="Basic.LearnDataProvider" name="Api" time="0.680"/>
  <testcase classname="Basic.LearnDataProvider" name="Api" time="0.139"/>
</testsuite> <!-- Basic.LearnDataProvider -->
