<?xml version="1.0" encoding="UTF-8"?>
<!-- Generated by org.testng.reporters.JUnitReportReporter -->
<testsuite hostname="Shailendra-MacBook-Air.local" failures="0" tests="1" name="Basic.Payload1" time="0.453" errors="0" timestamp="2024-10-16T23:39:41 IST" skipped="0">
  <testcase classname="Basic.Payload1" name="Print" time="0.453"/>
</testsuite> <!-- Basic.Payload1 -->
